Using pre-set license
Built from '2020.3/release' branch; Version is '2020.3.2f1 (8fd9074bf66c) revision 9427207'; Using compiler version '192528614'; Build Type 'Release'
OS: 'Windows 10 Pro N; OS build 19041.1415; Version 2004; 64bit' Language: 'en' Physical Memory: 32678 MB
BatchMode: 1, IsHumanControllingUs: 0, StartBugReporterOnCrash: 0, Is64bit: 1, IsPro: 0

 COMMAND LINE ARGUMENTS:
D:\Unity Editors\2020.3.2f1\Editor\Unity.exe
-adb2
-batchMode
-noUpm
-name
AssetImportWorker0
-projectPath
D:/Git Projects/VR-Mass-Spec/VR Mass Spec
-logFile
Logs/AssetImportWorker0.log
-srvPort
56763
Successfully changed project path to: D:/Git Projects/VR-Mass-Spec/VR Mass Spec
D:/Git Projects/VR-Mass-Spec/VR Mass Spec
Using Asset Import Pipeline V2.
Refreshing native plugins compatible for Editor in 62.28 ms, found 9 plugins.
Preloading 2 native plugins for Editor in 0.99 ms.
Initialize engine version: 2020.3.2f1 (8fd9074bf66c)
[Subsystems] Discovering subsystems at path D:/Unity Editors/2020.3.2f1/Editor/Data/Resources/UnitySubsystems
[Subsystems] Discovering subsystems at path D:/Git Projects/VR-Mass-Spec/VR Mass Spec/Assets
GfxDevice: creating device client; threaded=0
Direct3D:
    Version:  Direct3D 11.0 [level 11.1]
    Renderer: NVIDIA GeForce GTX 1660 Ti (ID=0x2182)
    Vendor:   
    VRAM:     5991 MB
    Driver:   30.0.14.7111
Shader 'Universal Render Pipeline/Particles/Lit': fallback shader 'Universal Render Pipeline/Particles/SimpleLit' not found
Initialize mono
Mono path[0] = 'D:/Unity Editors/2020.3.2f1/Editor/Data/Managed'
Mono path[1] = 'D:/Unity Editors/2020.3.2f1/Editor/Data/MonoBleedingEdge/lib/mono/unityjit'
Mono config path = 'D:/Unity Editors/2020.3.2f1/Editor/Data/MonoBleedingEdge/etc'
Using monoOptions --debugger-agent=transport=dt_socket,embedding=1,server=y,suspend=n,address=127.0.0.1:56560
Begin MonoManager ReloadAssembly
Registering precompiled unity dll's ...
Register platform support module: D:/Unity Editors/2020.3.2f1/Editor/Data/PlaybackEngines/WebGLSupport/UnityEditor.WebGL.Extensions.dll
Register platform support module: D:/Unity Editors/2020.3.2f1/Editor/Data/PlaybackEngines/WindowsStandaloneSupport/UnityEditor.WindowsStandalone.Extensions.dll
Registered in 0.000839 seconds.
Native extension for WindowsStandalone target not found
Native extension for WebGL target not found
Refreshing native plugins compatible for Editor in 58.61 ms, found 9 plugins.
Preloading 2 native plugins for Editor in 0.08 ms.
Invoked RoslynAnalysisRunner static constructor.
RoslynAnalysisRunner will not be running.
RoslynAnalysisRunner has terminated.
Mono: successfully reloaded assembly
- Completed reload, in  1.130 seconds
Platform modules already initialized, skipping
Registering precompiled user dll's ...
Registered in 0.003022 seconds.
Begin MonoManager ReloadAssembly
Native extension for WindowsStandalone target not found
Native extension for WebGL target not found
Refreshing native plugins compatible for Editor in 58.69 ms, found 9 plugins.
Preloading 2 native plugins for Editor in 0.12 ms.
Invoked RoslynAnalysisRunner static constructor.
RoslynAnalysisRunner will not be running.
RoslynAnalysisRunner has terminated.
[XR] OculusXRPlugin: registering subsystems
[XR] Unable to register display lifecyle provider: [1]
[XR] Oculus Input lifecycle provider registered.
[XR] Unable to register input lifecyle provider: [1]
NullReferenceException: Object reference not set to an instance of an object
  at Unity.XR.Oculus.OculusLoader.AssetPathToAbsolutePath (System.String assetPath) [0x00048] in D:\Git Projects\VR-Mass-Spec\VR Mass Spec\Library\PackageCache\com.unity.xr.oculus@1.8.1\Runtime\OculusLoader.cs:243 
  at Unity.XR.Oculus.OculusLoader.EditorLoadOVRPlugin () [0x0007b] in D:\Git Projects\VR-Mass-Spec\VR Mass Spec\Library\PackageCache\com.unity.xr.oculus@1.8.1\Runtime\OculusLoader.cs:228 

(Filename: Library/PackageCache/com.unity.xr.oculus@1.8.1/Runtime/OculusLoader.cs Line: 243)

Mono: successfully reloaded assembly
- Completed reload, in  0.945 seconds
Platform modules already initialized, skipping
========================================================================
Worker process is ready to serve import requests
Shader 'Universal Render Pipeline/Particles/Lit': fallback shader 'Universal Render Pipeline/Particles/SimpleLit' not found
Launched and connected shader compiler UnityShaderCompiler.exe after 0.03 seconds
Refreshing native plugins compatible for Editor in 0.64 ms, found 9 plugins.
Preloading 2 native plugins for Editor in 0.07 ms.
Unloading 3817 Unused Serialized files (Serialized files now loaded: 0)
System memory in use before: 163.5 MB.
System memory in use after: 163.6 MB.

Unloading 16 unused Assets to reduce memory usage. Loaded Objects now: 4266.
Total: 2.605400 ms (FindLiveObjects: 0.321600 ms CreateObjectMapping: 0.219000 ms MarkObjects: 1.970100 ms  DeleteObjects: 0.093800 ms)

========================================================================
Received Import Request.
  path: Assets/IonPath.cs
  artifactKey: Guid(5a1db948f03e84f4598d5b75db43685e) Importer(815301076,1909f56bfc062723c751e8b465ee728b)
Start importing Assets/IonPath.cs using Guid(5a1db948f03e84f4598d5b75db43685e) Importer(815301076,1909f56bfc062723c751e8b465ee728b)  -> (artifact id: 'a6083eb6386e8b9f9f6fa21c95b13199') in 0.034721 seconds
  Import took 0.044723 seconds .

========================================================================
Received Import Request.
  Time since last request: 0.000188 seconds.
  path: Assets/IonBeamManager.cs
  artifactKey: Guid(6dad87ac7e7e37243ab013182f429d87) Importer(815301076,1909f56bfc062723c751e8b465ee728b)
Start importing Assets/IonBeamManager.cs using Guid(6dad87ac7e7e37243ab013182f429d87) Importer(815301076,1909f56bfc062723c751e8b465ee728b)  -> (artifact id: '7e53e1f826eee283889f4beb54bb47c8') in 0.004266 seconds
  Import took 0.008980 seconds .

========================================================================
Received Import Request.
  Time since last request: 0.000183 seconds.
  path: Assets/ManageBeamVelocity.cs
  artifactKey: Guid(81b0128679eaa0344b32267000b894f2) Importer(815301076,1909f56bfc062723c751e8b465ee728b)
Start importing Assets/ManageBeamVelocity.cs using Guid(81b0128679eaa0344b32267000b894f2) Importer(815301076,1909f56bfc062723c751e8b465ee728b)  -> (artifact id: '8e260fe2ac7b7d878635bb8d9acd0659') in 0.004348 seconds
  Import took 0.009171 seconds .

========================================================================
Received Prepare
Registering precompiled user dll's ...
Registered in 0.003140 seconds.
Begin MonoManager ReloadAssembly
Native extension for WindowsStandalone target not found
Native extension for WebGL target not found
Refreshing native plugins compatible for Editor in 0.66 ms, found 9 plugins.
Preloading 2 native plugins for Editor in 0.07 ms.
Invoked RoslynAnalysisRunner static constructor.
RoslynAnalysisRunner will not be running.
RoslynAnalysisRunner has terminated.
NullReferenceException: Object reference not set to an instance of an object
  at Unity.XR.Oculus.OculusLoader.AssetPathToAbsolutePath (System.String assetPath) [0x00048] in D:\Git Projects\VR-Mass-Spec\VR Mass Spec\Library\PackageCache\com.unity.xr.oculus@1.8.1\Runtime\OculusLoader.cs:243 
  at Unity.XR.Oculus.OculusLoader.EditorLoadOVRPlugin () [0x0007b] in D:\Git Projects\VR-Mass-Spec\VR Mass Spec\Library\PackageCache\com.unity.xr.oculus@1.8.1\Runtime\OculusLoader.cs:228 

(Filename: Library/PackageCache/com.unity.xr.oculus@1.8.1/Runtime/OculusLoader.cs Line: 243)

Mono: successfully reloaded assembly
- Completed reload, in  0.803 seconds
Platform modules already initialized, skipping
Shader 'Universal Render Pipeline/Particles/Lit': fallback shader 'Universal Render Pipeline/Particles/SimpleLit' not found
Refreshing native plugins compatible for Editor in 0.67 ms, found 9 plugins.
Preloading 2 native plugins for Editor in 0.07 ms.
Unloading 3690 Unused Serialized files (Serialized files now loaded: 0)
System memory in use before: 153.9 MB.
System memory in use after: 154.0 MB.

Unloading 9 unused Assets to reduce memory usage. Loaded Objects now: 4270.
Total: 2.402200 ms (FindLiveObjects: 0.295300 ms CreateObjectMapping: 0.200600 ms MarkObjects: 1.844600 ms  DeleteObjects: 0.061000 ms)

